<?xml version="1.0" encoding="UTF-8"?>
<testng-results skipped="0" failed="0" total="1" passed="1">
  <reporter-output>
  </reporter-output>
  <suite name="Default suite" duration-ms="14396" started-at="2016-02-25T19:47:28Z" finished-at="2016-02-25T19:47:42Z">
    <groups>
    </groups>
    <test name="Default test" duration-ms="14396" started-at="2016-02-25T19:47:28Z" finished-at="2016-02-25T19:47:42Z">
      <class name="com.test.LoginPage_PFTest">
        <test-method status="PASS" signature="intialize()[pri:0, instance:com.test.LoginPage_PFTest@282ba1e]" name="intialize" is-config="true" duration-ms="12311" started-at="2016-02-25T11:47:28Z" finished-at="2016-02-25T11:47:40Z">
          <reporter-output>
          </reporter-output>
        </test-method> <!-- intialize -->
        <test-method status="PASS" signature="method1()[pri:0, instance:com.test.LoginPage_PFTest@282ba1e]" name="method1" duration-ms="2013" started-at="2016-02-25T11:47:40Z" finished-at="2016-02-25T11:47:42Z">
          <reporter-output>
          </reporter-output>
        </test-method> <!-- method1 -->
      </class> <!-- com.test.LoginPage_PFTest -->
    </test> <!-- Default test -->
  </suite> <!-- Default suite -->
</testng-results>
